This is pdfTeX, Version 3.14159265-2.6-1.40.18 (TeX Live 2017/Debian) (preloaded format=pdflatex 2021.1.23)  12 MAY 2021 12:50
entering extended mode
 \write18 enabled.
 %&-line parsing enabled.
**LBSS_model.tex
(./LBSS_model.tex
LaTeX2e <2017-04-15>
Babel <3.18> and hyphenation patterns for 5 language(s) loaded.
(/usr/share/texlive/texmf-dist/tex/latex/base/article.cls
Document Class: article 2014/09/29 v1.4h Standard LaTeX document class
(/usr/share/texlive/texmf-dist/tex/latex/base/size12.clo
File: size12.clo 2014/09/29 v1.4h Standard LaTeX file (size option)
)
\c@part=\count79
\c@section=\count80
\c@subsection=\count81
\c@subsubsection=\count82
\c@paragraph=\count83
\c@subparagraph=\count84
\c@figure=\count85
\c@table=\count86
\abovecaptionskip=\skip41
\belowcaptionskip=\skip42
\bibindent=\dimen102
)
(/usr/share/texlive/texmf-dist/tex/latex/amsmath/amsmath.sty
Package: amsmath 2017/09/02 v2.17a AMS math features
\@mathmargin=\skip43

For additional information on amsmath, use the `?' option.
(/usr/share/texlive/texmf-dist/tex/latex/amsmath/amstext.sty
Package: amstext 2000/06/29 v2.01 AMS text

(/usr/share/texlive/texmf-dist/tex/latex/amsmath/amsgen.sty
File: amsgen.sty 1999/11/30 v2.0 generic functions
\@emptytoks=\toks14
\ex@=\dimen103
))
(/usr/share/texlive/texmf-dist/tex/latex/amsmath/amsbsy.sty
Package: amsbsy 1999/11/29 v1.2d Bold Symbols
\pmbraise@=\dimen104
)
(/usr/share/texlive/texmf-dist/tex/latex/amsmath/amsopn.sty
Package: amsopn 2016/03/08 v2.02 operator names
)
\inf@bad=\count87
LaTeX Info: Redefining \frac on input line 213.
\uproot@=\count88
\leftroot@=\count89
LaTeX Info: Redefining \overline on input line 375.
\classnum@=\count90
\DOTSCASE@=\count91
LaTeX Info: Redefining \ldots on input line 472.
LaTeX Info: Redefining \dots on input line 475.
LaTeX Info: Redefining \cdots on input line 596.
\Mathstrutbox@=\box26
\strutbox@=\box27
\big@size=\dimen105
LaTeX Font Info:    Redeclaring font encoding OML on input line 712.
LaTeX Font Info:    Redeclaring font encoding OMS on input line 713.
\macc@depth=\count92
\c@MaxMatrixCols=\count93
\dotsspace@=\muskip10
\c@parentequation=\count94
\dspbrk@lvl=\count95
\tag@help=\toks15
\row@=\count96
\column@=\count97
\maxfields@=\count98
\andhelp@=\toks16
\eqnshift@=\dimen106
\alignsep@=\dimen107
\tagshift@=\dimen108
\tagwidth@=\dimen109
\totwidth@=\dimen110
\lineht@=\dimen111
\@envbody=\toks17
\multlinegap=\skip44
\multlinetaggap=\skip45
\mathdisplay@stack=\toks18
LaTeX Info: Redefining \[ on input line 2817.
LaTeX Info: Redefining \] on input line 2818.
)
(/usr/share/texlive/texmf-dist/tex/latex/amsfonts/amssymb.sty
Package: amssymb 2013/01/14 v3.01 AMS font symbols

(/usr/share/texlive/texmf-dist/tex/latex/amsfonts/amsfonts.sty
Package: amsfonts 2013/01/14 v3.01 Basic AMSFonts support
\symAMSa=\mathgroup4
\symAMSb=\mathgroup5
LaTeX Font Info:    Overwriting math alphabet `\mathfrak' in version `bold'
(Font)                  U/euf/m/n --> U/euf/b/n on input line 106.
))
(/usr/share/texlive/texmf-dist/tex/latex/pgf/frontendlayer/tikz.sty
(/usr/share/texlive/texmf-dist/tex/latex/pgf/basiclayer/pgf.sty
(/usr/share/texlive/texmf-dist/tex/latex/pgf/utilities/pgfrcs.sty
(/usr/share/texlive/texmf-dist/tex/generic/pgf/utilities/pgfutil-common.tex
\pgfutil@everybye=\toks19
\pgfutil@tempdima=\dimen112
\pgfutil@tempdimb=\dimen113

(/usr/share/texlive/texmf-dist/tex/generic/pgf/utilities/pgfutil-common-lists.t
ex)) (/usr/share/texlive/texmf-dist/tex/generic/pgf/utilities/pgfutil-latex.def
\pgfutil@abb=\box28
(/usr/share/texlive/texmf-dist/tex/latex/ms/everyshi.sty
Package: everyshi 2001/05/15 v3.00 EveryShipout Package (MS)
))
(/usr/share/texlive/texmf-dist/tex/generic/pgf/utilities/pgfrcs.code.tex
Package: pgfrcs 2015/08/07 v3.0.1a (rcs-revision 1.31)
))
Package: pgf 2015/08/07 v3.0.1a (rcs-revision 1.15)

(/usr/share/texlive/texmf-dist/tex/latex/pgf/basiclayer/pgfcore.sty
(/usr/share/texlive/texmf-dist/tex/latex/graphics/graphicx.sty
Package: graphicx 2017/06/01 v1.1a Enhanced LaTeX Graphics (DPC,SPQR)

(/usr/share/texlive/texmf-dist/tex/latex/graphics/keyval.sty
Package: keyval 2014/10/28 v1.15 key=value parser (DPC)
\KV@toks@=\toks20
)
(/usr/share/texlive/texmf-dist/tex/latex/graphics/graphics.sty
Package: graphics 2017/06/25 v1.2c Standard LaTeX Graphics (DPC,SPQR)

(/usr/share/texlive/texmf-dist/tex/latex/graphics/trig.sty
Package: trig 2016/01/03 v1.10 sin cos tan (DPC)
)
(/usr/share/texlive/texmf-dist/tex/latex/graphics-cfg/graphics.cfg
File: graphics.cfg 2016/06/04 v1.11 sample graphics configuration
)
Package graphics Info: Driver file: pdftex.def on input line 99.

(/usr/share/texlive/texmf-dist/tex/latex/graphics-def/pdftex.def
File: pdftex.def 2018/01/08 v1.0l Graphics/color driver for pdftex
))
\Gin@req@height=\dimen114
\Gin@req@width=\dimen115
)
(/usr/share/texlive/texmf-dist/tex/latex/pgf/systemlayer/pgfsys.sty
(/usr/share/texlive/texmf-dist/tex/generic/pgf/systemlayer/pgfsys.code.tex
Package: pgfsys 2014/07/09 v3.0.1a (rcs-revision 1.48)

(/usr/share/texlive/texmf-dist/tex/generic/pgf/utilities/pgfkeys.code.tex
\pgfkeys@pathtoks=\toks21
\pgfkeys@temptoks=\toks22

(/usr/share/texlive/texmf-dist/tex/generic/pgf/utilities/pgfkeysfiltered.code.t
ex
\pgfkeys@tmptoks=\toks23
))
\pgf@x=\dimen116
\pgf@y=\dimen117
\pgf@xa=\dimen118
\pgf@ya=\dimen119
\pgf@xb=\dimen120
\pgf@yb=\dimen121
\pgf@xc=\dimen122
\pgf@yc=\dimen123
\w@pgf@writea=\write3
\r@pgf@reada=\read1
\c@pgf@counta=\count99
\c@pgf@countb=\count100
\c@pgf@countc=\count101
\c@pgf@countd=\count102
\t@pgf@toka=\toks24
\t@pgf@tokb=\toks25
\t@pgf@tokc=\toks26
 (/usr/share/texlive/texmf-dist/tex/generic/pgf/systemlayer/pgf.cfg
File: pgf.cfg 2008/05/14  (rcs-revision 1.7)
)
Driver file for pgf: pgfsys-pdftex.def

(/usr/share/texlive/texmf-dist/tex/generic/pgf/systemlayer/pgfsys-pdftex.def
File: pgfsys-pdftex.def 2014/10/11  (rcs-revision 1.35)

(/usr/share/texlive/texmf-dist/tex/generic/pgf/systemlayer/pgfsys-common-pdf.de
f
File: pgfsys-common-pdf.def 2013/10/10  (rcs-revision 1.13)
)))
(/usr/share/texlive/texmf-dist/tex/generic/pgf/systemlayer/pgfsyssoftpath.code.
tex
File: pgfsyssoftpath.code.tex 2013/09/09  (rcs-revision 1.9)
\pgfsyssoftpath@smallbuffer@items=\count103
\pgfsyssoftpath@bigbuffer@items=\count104
)
(/usr/share/texlive/texmf-dist/tex/generic/pgf/systemlayer/pgfsysprotocol.code.
tex
File: pgfsysprotocol.code.tex 2006/10/16  (rcs-revision 1.4)
)) (/usr/share/texlive/texmf-dist/tex/latex/xcolor/xcolor.sty
Package: xcolor 2016/05/11 v2.12 LaTeX color extensions (UK)

(/usr/share/texlive/texmf-dist/tex/latex/graphics-cfg/color.cfg
File: color.cfg 2016/01/02 v1.6 sample color configuration
)
Package xcolor Info: Driver file: pdftex.def on input line 225.
Package xcolor Info: Model `cmy' substituted by `cmy0' on input line 1348.
Package xcolor Info: Model `hsb' substituted by `rgb' on input line 1352.
Package xcolor Info: Model `RGB' extended on input line 1364.
Package xcolor Info: Model `HTML' substituted by `rgb' on input line 1366.
Package xcolor Info: Model `Hsb' substituted by `hsb' on input line 1367.
Package xcolor Info: Model `tHsb' substituted by `hsb' on input line 1368.
Package xcolor Info: Model `HSB' substituted by `hsb' on input line 1369.
Package xcolor Info: Model `Gray' substituted by `gray' on input line 1370.
Package xcolor Info: Model `wave' substituted by `hsb' on input line 1371.
)
(/usr/share/texlive/texmf-dist/tex/generic/pgf/basiclayer/pgfcore.code.tex
Package: pgfcore 2010/04/11 v3.0.1a (rcs-revision 1.7)

(/usr/share/texlive/texmf-dist/tex/generic/pgf/math/pgfmath.code.tex
(/usr/share/texlive/texmf-dist/tex/generic/pgf/math/pgfmathcalc.code.tex
(/usr/share/texlive/texmf-dist/tex/generic/pgf/math/pgfmathutil.code.tex)
(/usr/share/texlive/texmf-dist/tex/generic/pgf/math/pgfmathparser.code.tex
\pgfmath@dimen=\dimen124
\pgfmath@count=\count105
\pgfmath@box=\box29
\pgfmath@toks=\toks27
\pgfmath@stack@operand=\toks28
\pgfmath@stack@operation=\toks29
)
(/usr/share/texlive/texmf-dist/tex/generic/pgf/math/pgfmathfunctions.code.tex
(/usr/share/texlive/texmf-dist/tex/generic/pgf/math/pgfmathfunctions.basic.code
.tex)
(/usr/share/texlive/texmf-dist/tex/generic/pgf/math/pgfmathfunctions.trigonomet
ric.code.tex)
(/usr/share/texlive/texmf-dist/tex/generic/pgf/math/pgfmathfunctions.random.cod
e.tex)
(/usr/share/texlive/texmf-dist/tex/generic/pgf/math/pgfmathfunctions.comparison
.code.tex)
(/usr/share/texlive/texmf-dist/tex/generic/pgf/math/pgfmathfunctions.base.code.
tex)
(/usr/share/texlive/texmf-dist/tex/generic/pgf/math/pgfmathfunctions.round.code
.tex)
(/usr/share/texlive/texmf-dist/tex/generic/pgf/math/pgfmathfunctions.misc.code.
tex)
(/usr/share/texlive/texmf-dist/tex/generic/pgf/math/pgfmathfunctions.integerari
thmetics.code.tex)))
(/usr/share/texlive/texmf-dist/tex/generic/pgf/math/pgfmathfloat.code.tex
\c@pgfmathroundto@lastzeros=\count106
))
(/usr/share/texlive/texmf-dist/tex/generic/pgf/basiclayer/pgfcorepoints.code.te
x
File: pgfcorepoints.code.tex 2013/10/07  (rcs-revision 1.27)
\pgf@picminx=\dimen125
\pgf@picmaxx=\dimen126
\pgf@picminy=\dimen127
\pgf@picmaxy=\dimen128
\pgf@pathminx=\dimen129
\pgf@pathmaxx=\dimen130
\pgf@pathminy=\dimen131
\pgf@pathmaxy=\dimen132
\pgf@xx=\dimen133
\pgf@xy=\dimen134
\pgf@yx=\dimen135
\pgf@yy=\dimen136
\pgf@zx=\dimen137
\pgf@zy=\dimen138
)
(/usr/share/texlive/texmf-dist/tex/generic/pgf/basiclayer/pgfcorepathconstruct.
code.tex
File: pgfcorepathconstruct.code.tex 2013/10/07  (rcs-revision 1.29)
\pgf@path@lastx=\dimen139
\pgf@path@lasty=\dimen140
)
(/usr/share/texlive/texmf-dist/tex/generic/pgf/basiclayer/pgfcorepathusage.code
.tex
File: pgfcorepathusage.code.tex 2014/11/02  (rcs-revision 1.24)
\pgf@shorten@end@additional=\dimen141
\pgf@shorten@start@additional=\dimen142
)
(/usr/share/texlive/texmf-dist/tex/generic/pgf/basiclayer/pgfcorescopes.code.te
x
File: pgfcorescopes.code.tex 2015/05/08  (rcs-revision 1.46)
\pgfpic=\box30
\pgf@hbox=\box31
\pgf@layerbox@main=\box32
\pgf@picture@serial@count=\count107
)
(/usr/share/texlive/texmf-dist/tex/generic/pgf/basiclayer/pgfcoregraphicstate.c
ode.tex
File: pgfcoregraphicstate.code.tex 2014/11/02  (rcs-revision 1.12)
\pgflinewidth=\dimen143
)
(/usr/share/texlive/texmf-dist/tex/generic/pgf/basiclayer/pgfcoretransformation
s.code.tex
File: pgfcoretransformations.code.tex 2015/08/07  (rcs-revision 1.20)
\pgf@pt@x=\dimen144
\pgf@pt@y=\dimen145
\pgf@pt@temp=\dimen146
)
(/usr/share/texlive/texmf-dist/tex/generic/pgf/basiclayer/pgfcorequick.code.tex
File: pgfcorequick.code.tex 2008/10/09  (rcs-revision 1.3)
)
(/usr/share/texlive/texmf-dist/tex/generic/pgf/basiclayer/pgfcoreobjects.code.t
ex
File: pgfcoreobjects.code.tex 2006/10/11  (rcs-revision 1.2)
)
(/usr/share/texlive/texmf-dist/tex/generic/pgf/basiclayer/pgfcorepathprocessing
.code.tex
File: pgfcorepathprocessing.code.tex 2013/09/09  (rcs-revision 1.9)
)
(/usr/share/texlive/texmf-dist/tex/generic/pgf/basiclayer/pgfcorearrows.code.te
x
File: pgfcorearrows.code.tex 2015/05/14  (rcs-revision 1.43)
\pgfarrowsep=\dimen147
)
(/usr/share/texlive/texmf-dist/tex/generic/pgf/basiclayer/pgfcoreshade.code.tex
File: pgfcoreshade.code.tex 2013/07/15  (rcs-revision 1.15)
\pgf@max=\dimen148
\pgf@sys@shading@range@num=\count108
)
(/usr/share/texlive/texmf-dist/tex/generic/pgf/basiclayer/pgfcoreimage.code.tex
File: pgfcoreimage.code.tex 2013/07/15  (rcs-revision 1.18)

(/usr/share/texlive/texmf-dist/tex/generic/pgf/basiclayer/pgfcoreexternal.code.
tex
File: pgfcoreexternal.code.tex 2014/07/09  (rcs-revision 1.21)
\pgfexternal@startupbox=\box33
))
(/usr/share/texlive/texmf-dist/tex/generic/pgf/basiclayer/pgfcorelayers.code.te
x
File: pgfcorelayers.code.tex 2013/07/18  (rcs-revision 1.7)
)
(/usr/share/texlive/texmf-dist/tex/generic/pgf/basiclayer/pgfcoretransparency.c
ode.tex
File: pgfcoretransparency.code.tex 2013/09/30  (rcs-revision 1.5)
)
(/usr/share/texlive/texmf-dist/tex/generic/pgf/basiclayer/pgfcorepatterns.code.
tex
File: pgfcorepatterns.code.tex 2013/11/07  (rcs-revision 1.5)
)))
(/usr/share/texlive/texmf-dist/tex/generic/pgf/modules/pgfmoduleshapes.code.tex
File: pgfmoduleshapes.code.tex 2014/03/21  (rcs-revision 1.35)
\pgfnodeparttextbox=\box34
) (/usr/share/texlive/texmf-dist/tex/generic/pgf/modules/pgfmoduleplot.code.tex
File: pgfmoduleplot.code.tex 2015/08/03  (rcs-revision 1.13)
)
(/usr/share/texlive/texmf-dist/tex/latex/pgf/compatibility/pgfcomp-version-0-65
.sty
Package: pgfcomp-version-0-65 2007/07/03 v3.0.1a (rcs-revision 1.7)
\pgf@nodesepstart=\dimen149
\pgf@nodesepend=\dimen150
)
(/usr/share/texlive/texmf-dist/tex/latex/pgf/compatibility/pgfcomp-version-1-18
.sty
Package: pgfcomp-version-1-18 2007/07/23 v3.0.1a (rcs-revision 1.1)
)) (/usr/share/texlive/texmf-dist/tex/latex/pgf/utilities/pgffor.sty
(/usr/share/texlive/texmf-dist/tex/latex/pgf/utilities/pgfkeys.sty
(/usr/share/texlive/texmf-dist/tex/generic/pgf/utilities/pgfkeys.code.tex))
(/usr/share/texlive/texmf-dist/tex/latex/pgf/math/pgfmath.sty
(/usr/share/texlive/texmf-dist/tex/generic/pgf/math/pgfmath.code.tex))
(/usr/share/texlive/texmf-dist/tex/generic/pgf/utilities/pgffor.code.tex
Package: pgffor 2013/12/13 v3.0.1a (rcs-revision 1.25)

(/usr/share/texlive/texmf-dist/tex/generic/pgf/math/pgfmath.code.tex)
\pgffor@iter=\dimen151
\pgffor@skip=\dimen152
\pgffor@stack=\toks30
\pgffor@toks=\toks31
))
(/usr/share/texlive/texmf-dist/tex/generic/pgf/frontendlayer/tikz/tikz.code.tex
Package: tikz 2015/08/07 v3.0.1a (rcs-revision 1.151)

(/usr/share/texlive/texmf-dist/tex/generic/pgf/libraries/pgflibraryplothandlers
.code.tex
File: pgflibraryplothandlers.code.tex 2013/08/31 v3.0.1a (rcs-revision 1.20)
\pgf@plot@mark@count=\count109
\pgfplotmarksize=\dimen153
)
\tikz@lastx=\dimen154
\tikz@lasty=\dimen155
\tikz@lastxsaved=\dimen156
\tikz@lastysaved=\dimen157
\tikzleveldistance=\dimen158
\tikzsiblingdistance=\dimen159
\tikz@figbox=\box35
\tikz@figbox@bg=\box36
\tikz@tempbox=\box37
\tikz@tempbox@bg=\box38
\tikztreelevel=\count110
\tikznumberofchildren=\count111
\tikznumberofcurrentchild=\count112
\tikz@fig@count=\count113

(/usr/share/texlive/texmf-dist/tex/generic/pgf/modules/pgfmodulematrix.code.tex
File: pgfmodulematrix.code.tex 2013/09/17  (rcs-revision 1.8)
\pgfmatrixcurrentrow=\count114
\pgfmatrixcurrentcolumn=\count115
\pgf@matrix@numberofcolumns=\count116
)
\tikz@expandcount=\count117

(/usr/share/texlive/texmf-dist/tex/generic/pgf/frontendlayer/tikz/libraries/tik
zlibrarytopaths.code.tex
File: tikzlibrarytopaths.code.tex 2008/06/17 v3.0.1a (rcs-revision 1.2)
)))
(/usr/share/texlive/texmf-dist/tex/latex/minted/minted.sty
Package: minted 2017/07/19 v2.5 Yet another Pygments shim for LaTeX

(/usr/share/texlive/texmf-dist/tex/latex/oberdiek/kvoptions.sty
Package: kvoptions 2016/05/16 v3.12 Key value format for package options (HO)

(/usr/share/texlive/texmf-dist/tex/generic/oberdiek/ltxcmds.sty
Package: ltxcmds 2016/05/16 v1.23 LaTeX kernel commands for general use (HO)
)
(/usr/share/texlive/texmf-dist/tex/generic/oberdiek/kvsetkeys.sty
Package: kvsetkeys 2016/05/16 v1.17 Key value parser (HO)

(/usr/share/texlive/texmf-dist/tex/generic/oberdiek/infwarerr.sty
Package: infwarerr 2016/05/16 v1.4 Providing info/warning/error messages (HO)
)
(/usr/share/texlive/texmf-dist/tex/generic/oberdiek/etexcmds.sty
Package: etexcmds 2016/05/16 v1.6 Avoid name clashes with e-TeX commands (HO)

(/usr/share/texlive/texmf-dist/tex/generic/oberdiek/ifluatex.sty
Package: ifluatex 2016/05/16 v1.4 Provides the ifluatex switch (HO)
Package ifluatex Info: LuaTeX not detected.
)
Package etexcmds Info: Could not find \expanded.
(etexcmds)             That can mean that you are not using pdfTeX 1.50 or
(etexcmds)             that some package has redefined \expanded.
(etexcmds)             In the latter case, load this package earlier.
)))
(/usr/share/texlive/texmf-dist/tex/latex/fvextra/fvextra.sty
Package: fvextra 2017/07/08 v1.3.1 fvextra - extensions and patches for fancyvr
b

(/usr/share/texlive/texmf-dist/tex/latex/base/ifthen.sty
Package: ifthen 2014/09/29 v1.1c Standard LaTeX ifthen package (DPC)
)
(/usr/share/texlive/texmf-dist/tex/latex/etoolbox/etoolbox.sty
Package: etoolbox 2018/02/11 v2.5e e-TeX tools for LaTeX (JAW)
\etb@tempcnta=\count118
)
(/usr/share/texlive/texmf-dist/tex/latex/fancyvrb/fancyvrb.sty
Package: fancyvrb 2008/02/07

Style option: `fancyvrb' v2.7a, with DG/SPQR fixes, and firstline=lastline fix 
<2008/02/07> (tvz)
\FV@CodeLineNo=\count119
\FV@InFile=\read2
\FV@TabBox=\box39
\c@FancyVerbLine=\count120
\FV@StepNumber=\count121
\FV@OutFile=\write4
)
(/usr/share/texlive/texmf-dist/tex/latex/upquote/upquote.sty
Package: upquote 2012/04/19 v1.3 upright-quote and grave-accent glyphs in verba
tim
)
(/usr/share/texlive/texmf-dist/tex/latex/lineno/lineno.sty
Package: lineno 2005/11/02 line numbers on paragraphs v4.41
\linenopenalty=\count122
\output=\toks32
\linenoprevgraf=\count123
\linenumbersep=\dimen160
\linenumberwidth=\dimen161
\c@linenumber=\count124
\c@pagewiselinenumber=\count125
\c@LN@truepage=\count126
\c@internallinenumber=\count127
\c@internallinenumbers=\count128
\quotelinenumbersep=\dimen162
\bframerule=\dimen163
\bframesep=\dimen164
\bframebox=\box40
LaTeX Info: Redefining \\ on input line 3056.
)
\c@FV@TrueTabGroupLevel=\count129
\c@FV@TrueTabCounter=\count130
\FV@TabBox@Group=\box41
\FV@TmpLength=\skip46
\c@FV@HighlightLinesStart=\count131
\c@FV@HighlightLinesStop=\count132
\FV@LoopCount=\count133
\FV@NCharsBox=\box42
\FV@BreakIndent=\dimen165
\FV@BreakIndentNChars=\count134
\FV@BreakSymbolSepLeft=\dimen166
\FV@BreakSymbolSepLeftNChars=\count135
\FV@BreakSymbolSepRight=\dimen167
\FV@BreakSymbolSepRightNChars=\count136
\FV@BreakSymbolIndentLeft=\dimen168
\FV@BreakSymbolIndentLeftNChars=\count137
\FV@BreakSymbolIndentRight=\dimen169
\FV@BreakSymbolIndentRightNChars=\count138
\c@FancyVerbLineBreakLast=\count139
\FV@LineBox=\box43
\FV@LineIndentBox=\box44
)
(/usr/share/texlive/texmf-dist/tex/latex/tools/calc.sty
Package: calc 2014/10/28 v4.3 Infix arithmetic (KKT,FJ)
\calc@Acount=\count140
\calc@Bcount=\count141
\calc@Adimen=\dimen170
\calc@Bdimen=\dimen171
\calc@Askip=\skip47
\calc@Bskip=\skip48
LaTeX Info: Redefining \setlength on input line 80.
LaTeX Info: Redefining \addtolength on input line 81.
\calc@Ccount=\count142
\calc@Cskip=\skip49
)
(/usr/share/texlive/texmf-dist/tex/latex/tools/shellesc.sty
Package: shellesc 2016/06/07 v0.02a unified shell escape interface for LaTeX
Package shellesc Info: Unrestricted shell escape enabled on input line 67.
)
(/usr/share/texlive/texmf-dist/tex/latex/ifplatform/ifplatform.sty
Package: ifplatform 2017/10/13 v0.4a Testing for the operating system

(/usr/share/texlive/texmf-dist/tex/generic/oberdiek/pdftexcmds.sty
Package: pdftexcmds 2018/01/21 v0.26 Utility functions of pdfTeX for LuaTeX (HO
)

(/usr/share/texlive/texmf-dist/tex/generic/oberdiek/ifpdf.sty
Package: ifpdf 2017/03/15 v3.2 Provides the ifpdf switch
)
Package pdftexcmds Info: LuaTeX not detected.
Package pdftexcmds Info: \pdf@primitive is available.
Package pdftexcmds Info: \pdf@ifprimitive is available.
Package pdftexcmds Info: \pdfdraftmode found.
)
(/usr/share/texlive/texmf-dist/tex/generic/oberdiek/catchfile.sty
Package: catchfile 2016/05/16 v1.7 Catch the contents of a file (HO)
)
runsystem(uname -s > "LBSS_model.w18")...executed.


(./LBSS_model.w18)
runsystem(rm -- "LBSS_model.w18")...executed.

)
(/usr/share/texlive/texmf-dist/tex/generic/xstring/xstring.sty
(/usr/share/texlive/texmf-dist/tex/generic/xstring/xstring.tex
\@xs@message=\write5
\integerpart=\count143
\decimalpart=\count144
)
Package: xstring 2013/10/13  v1.7c  String manipulations (C Tellechea)
)
(/usr/share/texlive/texmf-dist/tex/latex/framed/framed.sty
Package: framed 2011/10/22 v 0.96: framed or shaded text with page breaks
\OuterFrameSep=\skip50
\fb@frw=\dimen172
\fb@frh=\dimen173
\FrameRule=\dimen174
\FrameSep=\dimen175
)
(/usr/share/texlive/texmf-dist/tex/latex/float/float.sty
Package: float 2001/11/08 v1.3d Float enhancements (AL)
\c@float@type=\count145
\float@exts=\toks33
\float@box=\box45
\@float@everytoks=\toks34
\@floatcapt=\box46
)
\minted@appexistsfile=\read3
\minted@bgbox=\box47
\minted@code=\write6
\c@minted@FancyVerbLineTemp=\count146
\c@minted@pygmentizecounter=\count147
\@float@every@listing=\toks35
\c@listing=\count148
)
runsystem(mkdir -p _minted-LBSS_model)...executed.


(/usr/share/texlive/texmf-dist/tex/latex/caption/subcaption.sty
Package: subcaption 2016/05/22 v1.1-161 Sub-captions (AR)

(/usr/share/texlive/texmf-dist/tex/latex/caption/caption.sty
Package: caption 2016/02/21 v3.3-144 Customizing captions (AR)

(/usr/share/texlive/texmf-dist/tex/latex/caption/caption3.sty
Package: caption3 2016/05/22 v1.7-166 caption3 kernel (AR)
Package caption3 Info: TeX engine: e-TeX on input line 67.
\captionmargin=\dimen176
\captionmargin@=\dimen177
\captionwidth=\dimen178
\caption@tempdima=\dimen179
\caption@indent=\dimen180
\caption@parindent=\dimen181
\caption@hangindent=\dimen182
)
\c@ContinuedFloat=\count149
Package caption Info: float package is loaded.
)
\c@subfigure=\count150
\c@subtable=\count151
)
(/usr/share/texlive/texmf-dist/tex/latex/tools/tabularx.sty
Package: tabularx 2016/02/03 v2.11 `tabularx' package (DPC)

(/usr/share/texlive/texmf-dist/tex/latex/tools/array.sty
Package: array 2016/10/06 v2.4d Tabular extension package (FMi)
\col@sep=\dimen183
\extrarowheight=\dimen184
\NC@list=\toks36
\extratabsurround=\skip51
\backup@length=\skip52
)
\TX@col@width=\dimen185
\TX@old@table=\dimen186
\TX@old@col=\dimen187
\TX@target=\dimen188
\TX@delta=\dimen189
\TX@cols=\count152
\TX@ftn=\toks37
) (./h_vocabulary.sty
Package: h_vocabulary 

(/usr/share/texlive/texmf-dist/tex/latex/tools/xspace.sty
Package: xspace 2014/10/28 v1.13 Space after command names (DPC,MH)
)
(/usr/share/texlive/texmf-dist/tex/latex/base/makeidx.sty
Package: makeidx 2014/09/29 v1.0m Standard LaTeX package
)
(/usr/share/texlive/texmf-dist/tex/latex/currfile/currfile.sty
Package: currfile 2015/04/23 v0.7c Provides the file path elements of the curre
nt input file

(/usr/share/texlive/texmf-dist/tex/latex/filehook/filehook.sty
Package: filehook 2011/10/12 v0.5d Hooks for input files
)
\c@currfiledepth=\count153
)
(/usr/share/texlive/texmf-dist/tex/latex/tools/longtable.sty
Package: longtable 2014/10/28 v4.11 Multi-page Table package (DPC)
\LTleft=\skip53
\LTright=\skip54
\LTpre=\skip55
\LTpost=\skip56
\LTchunksize=\count154
\LTcapwidth=\dimen190
\LT@head=\box48
\LT@firsthead=\box49
\LT@foot=\box50
\LT@lastfoot=\box51
\LT@cols=\count155
\LT@rows=\count156
\c@LT@tables=\count157
\c@LT@chunks=\count158
\LT@p@ftn=\toks38
) (./h_color.sty
Package: h_color 
))
(./h_graphics.sty
Package: h_graphics 
) (./h_agc.sty
Package: h_agc 

(/usr/share/texlive/texmf-dist/tex/latex/psnfss/pifont.sty
Package: pifont 2005/04/12 PSNFSS-v9.2a Pi font support (SPQR) 
LaTeX Font Info:    Try loading font information for U+pzd on input line 63.

(/usr/share/texlive/texmf-dist/tex/latex/psnfss/upzd.fd
File: upzd.fd 2001/06/04 font definitions for U/pzd.
)
LaTeX Font Info:    Try loading font information for U+psy on input line 64.

(/usr/share/texlive/texmf-dist/tex/latex/psnfss/upsy.fd
File: upsy.fd 2001/06/04 font definitions for U/psy.
))) (./Add.sty
\THEparindent=\skip57
)
(./Newcommand.tex
\c@theorem=\count159
\c@Theorem=\count160
\c@Example=\count161
) (./Vocabulary.tex)
runsystem(which pygmentize && touch LBSS_model.aex)...executed.

runsystem(rm LBSS_model.aex)...executed.

 (./LBSS_model.aux)
\openout1 = `LBSS_model.aux'.

LaTeX Font Info:    Checking defaults for OML/cmm/m/it on input line 47.
LaTeX Font Info:    ... okay on input line 47.
LaTeX Font Info:    Checking defaults for T1/cmr/m/n on input line 47.
LaTeX Font Info:    ... okay on input line 47.
LaTeX Font Info:    Checking defaults for OT1/cmr/m/n on input line 47.
LaTeX Font Info:    ... okay on input line 47.
LaTeX Font Info:    Checking defaults for OMS/cmsy/m/n on input line 47.
LaTeX Font Info:    ... okay on input line 47.
LaTeX Font Info:    Checking defaults for OMX/cmex/m/n on input line 47.
LaTeX Font Info:    ... okay on input line 47.
LaTeX Font Info:    Checking defaults for U/cmr/m/n on input line 47.
LaTeX Font Info:    ... okay on input line 47.

ABD: EveryShipout initializing macros
(/usr/share/texlive/texmf-dist/tex/context/base/mkii/supp-pdf.mkii
[Loading MPS to PDF converter (version 2006.09.02).]
\scratchcounter=\count162
\scratchdimen=\dimen191
\scratchbox=\box52
\nofMPsegments=\count163
\nofMParguments=\count164
\everyMPshowfont=\toks39
\MPscratchCnt=\count165
\MPscratchDim=\dimen192
\MPnumerator=\count166
\makeMPintoPDFobject=\count167
\everyMPtoPDFconversion=\toks40
) (/usr/share/texlive/texmf-dist/tex/latex/oberdiek/epstopdf-base.sty
Package: epstopdf-base 2016/05/15 v2.6 Base part for package epstopdf

(/usr/share/texlive/texmf-dist/tex/latex/oberdiek/grfext.sty
Package: grfext 2016/05/16 v1.2 Manage graphics extensions (HO)

(/usr/share/texlive/texmf-dist/tex/generic/oberdiek/kvdefinekeys.sty
Package: kvdefinekeys 2016/05/16 v1.4 Define keys (HO)
))
Package epstopdf-base Info: Redefining graphics rule for `.eps' on input line 4
38.
Package grfext Info: Graphics extension search list:
(grfext)             [.jpeg,.jpg,.pdf,.eps]
(grfext)             \AppendGraphicsExtensions on input line 456.

(/usr/share/texlive/texmf-dist/tex/latex/latexconfig/epstopdf-sys.cfg
File: epstopdf-sys.cfg 2010/07/13 v1.3 Configuration of (r)epstopdf for TeX Liv
e
))
Package caption Info: Begin \AtBeginDocument code.
Package caption Info: longtable package is loaded.

(/usr/share/texlive/texmf-dist/tex/latex/caption/ltcaption.sty
Package: ltcaption 2013/06/09 v1.4-94 longtable captions (AR)
)
Package caption Info: End \AtBeginDocument code.

(./titleAbstract.tex
LaTeX Font Info:    Try loading font information for U+msa on input line 47.
 (/usr/share/texlive/texmf-dist/tex/latex/amsfonts/umsa.fd
File: umsa.fd 2013/01/14 v3.01 AMS symbols A
)
LaTeX Font Info:    Try loading font information for U+msb on input line 47.
(/usr/share/texlive/texmf-dist/tex/latex/amsfonts/umsb.fd
File: umsb.fd 2013/01/14 v3.01 AMS symbols B
)
Missing character: There is no Ã in font cmr12!
Missing character: There is no © in font cmr12!
Missing character: There is no Ã in font cmr10!
Missing character: There is no © in font cmr10!
Missing character: There is no Ã in font cmr10!
Missing character: There is no © in font cmr10!
Missing character: There is no Ã in font cmr10!
Missing character: There is no © in font cmr10!

Underfull \hbox (badness 10000) in paragraph at lines 59--59
[]\OT1/cmss/m/n/10 write
 []


Underfull \hbox (badness 10000) in paragraph at lines 65--65
[]\OT1/cmss/m/n/10 finish
 []

) (./Intro.tex
Underfull \hbox (badness 10000) in paragraph at lines 8--8
[]\OT1/cmss/m/n/10 frame
 []


Underfull \hbox (badness 10000) in paragraph at lines 8--8
\OT1/cmss/m/n/10 in the
 []


Underfull \hbox (badness 10000) in paragraph at lines 8--8
\OT1/cmss/m/n/10 big-ger
 []


Underfull \hbox (badness 10000) in paragraph at lines 8--8
\OT1/cmss/m/n/10 pic-ture
 []


Underfull \hbox (badness 10000) in paragraph at lines 8--8
\OT1/cmss/m/n/10 of ring
 []


Underfull \hbox (badness 10000) in paragraph at lines 8--8
\OT1/cmss/m/n/10 com-pu-
 []

) (./State_of_the_Art.tex
LaTeX Font Info:    Try loading font information for OMS+cmr on input line 9.

(/usr/share/texlive/texmf-dist/tex/latex/base/omscmr.fd
File: omscmr.fd 2014/09/29 v2.5h Standard LaTeX font definitions
)
LaTeX Font Info:    Font shape `OMS/cmr/m/n' in size <12> not available
(Font)              Font shape `OMS/cmsy/m/n' tried instead on input line 9.
 [1

{/var/lib/texmf/fonts/map/pdftex/updmap/pdftex.map}] [2]) (./LBSS_definition.te
x
Overfull \hbox (5.70836pt too wide) in paragraph at lines 2--2
[]\OT1/cmss/m/n/10 Officialize
 []

[3]
Underfull \hbox (badness 10000) in paragraph at lines 63--63
[]\OT1/cmss/m/n/10 graph
 []


Underfull \hbox (badness 10000) in paragraph at lines 63--63
\OT1/cmss/m/n/10 ex-am-
 []

[4]
\openout6 = `LBSS_model.pyg'.

 (./_minted-LBSS_model/default-pyg-prefix.pygstyle)
(./_minted-LBSS_model/default.pygstyle)
(./_minted-LBSS_model/5179E59FCF3D9F34C73EA2678C66539BBE2373DB250FE86ADA46AE03B
442A685.pygtex)
\openout4 = `LBSS_model.pyg'.


(./_minted-LBSS_model/E6967B764D1E9DDB5ADD163083D075CDAAC89CFC8A56DCEF9F6A14DC9
D7E041D.pygtex)
\openout6 = `LBSS_model.pyg'.


(./_minted-LBSS_model/3C464BD9F26DFC9B38C51383D3FFCF3EAAC89CFC8A56DCEF9F6A14DC9
D7E041D.pygtex)
\openout6 = `LBSS_model.pyg'.


(./_minted-LBSS_model/95DBC46AAC1B023BEB1677B49F013873AAC89CFC8A56DCEF9F6A14DC9
D7E041D.pygtex)
\openout6 = `LBSS_model.pyg'.


(./_minted-LBSS_model/AA6E5BBFC01968FF809ECAF776D8EEBEAAC89CFC8A56DCEF9F6A14DC9
D7E041D.pygtex)
\openout6 = `LBSS_model.pyg'.


(./_minted-LBSS_model/401B30E3B8B5D629635A5C613CDB7919D961836725BF5D5B8BA60D656
F83FA95.pygtex) [5]
\openout4 = `LBSS_model.pyg'.


(./_minted-LBSS_model/62143155F8659D31B13CEEB3F7CB9525BE2373DB250FE86ADA46AE03B
442A685.pygtex)
\openout6 = `LBSS_model.pyg'.


(./_minted-LBSS_model/8F5F0BCD679C6DF1328FBE59750FDA7EBE2373DB250FE86ADA46AE03B
442A685.pygtex)
Underfull \hbox (badness 1406) in paragraph at lines 124--124
\OT1/cmss/m/n/10 to have
 []


Underfull \hbox (badness 10000) in paragraph at lines 124--124
\OT1/cmss/m/n/10 around,
 []


Underfull \hbox (badness 10000) in paragraph at lines 124--124
\OT1/cmss/m/n/10 prob-
 []


Underfull \hbox (badness 10000) in paragraph at lines 124--124
\OT1/cmss/m/n/10 a-bly
 []


Underfull \hbox (badness 10000) in paragraph at lines 124--124
\OT1/cmss/m/n/10 not as
 []


Underfull \hbox (badness 10000) in paragraph at lines 124--124
\OT1/cmss/m/n/10 de-tailed
 []


Underfull \hbox (badness 10000) in paragraph at lines 124--124
\OT1/cmss/m/n/10 for an
 []


Underfull \hbox (badness 10000) in paragraph at lines 124--124
\OT1/cmss/m/n/10 ar-ti-cle,
 []


Underfull \hbox (badness 10000) in paragraph at lines 124--124
\OT1/cmss/m/n/10 so just
 []


Underfull \hbox (badness 10000) in paragraph at lines 124--124
\OT1/cmss/m/n/10 a re-
 []


Underfull \hbox (badness 10000) in paragraph at lines 124--124
\OT1/cmss/m/n/10 minder
 []


Underfull \hbox (badness 10000) in paragraph at lines 124--124
\OT1/cmss/m/n/10 to
 []


Underfull \hbox (badness 10000) in paragraph at lines 124--124
\OT1/cmss/m/n/10 abridge
 []


Underfull \hbox (badness 10000) in paragraph at lines 124--124
\OT1/cmss/m/n/10 when I
 []

\openout4 = `LBSS_model.pyg'.


(./_minted-LBSS_model/A85ACFB73B9CF5BF41D03510E641F553BE2373DB250FE86ADA46AE03B
442A685.pygtex)
\openout6 = `LBSS_model.pyg'.


(./_minted-LBSS_model/56F785241D0ED9FE51A8170B9DD50272BE2373DB250FE86ADA46AE03B
442A685.pygtex)
\openout4 = `LBSS_model.pyg'.


(./_minted-LBSS_model/6458543485EC3B48C62B135CA7FF90E4BE2373DB250FE86ADA46AE03B
442A685.pygtex)
\openout4 = `LBSS_model.pyg'.


(./_minted-LBSS_model/3CAA3591C891115F0E2A9E763696DD88BE2373DB250FE86ADA46AE03B
442A685.pygtex)
\openout6 = `LBSS_model.pyg'.


(./_minted-LBSS_model/60B725F10C9C85C70D97880DFE8191B3BE2373DB250FE86ADA46AE03B
442A685.pygtex)
\openout6 = `LBSS_model.pyg'.


(./_minted-LBSS_model/01FBDC44EF819DB6273BC30965A23814BE2373DB250FE86ADA46AE03B
442A685.pygtex)
\openout6 = `LBSS_model.pyg'.


(./_minted-LBSS_model/E85DDE330C34EFB0E526EE3082E4353BBE2373DB250FE86ADA46AE03B
442A685.pygtex)
\openout6 = `LBSS_model.pyg'.


(./_minted-LBSS_model/76A700F4EF9872C226B91B4209A8839FBE2373DB250FE86ADA46AE03B
442A685.pygtex)
\openout6 = `LBSS_model.pyg'.


(./_minted-LBSS_model/A724ABE52F3711813D0DAE70BE75F900BE2373DB250FE86ADA46AE03B
442A685.pygtex)
\openout6 = `LBSS_model.pyg'.


(./_minted-LBSS_model/97086512DAEB83C6375F923CED95EF4CBE2373DB250FE86ADA46AE03B
442A685.pygtex)
\openout6 = `LBSS_model.pyg'.


(./_minted-LBSS_model/A19F46FA032ADD3404D65766F28235A1BE2373DB250FE86ADA46AE03B
442A685.pygtex)
\openout6 = `LBSS_model.pyg'.


(./_minted-LBSS_model/B3136A962C78ED1216A17F6C0E30B9C0BE2373DB250FE86ADA46AE03B
442A685.pygtex)
\openout6 = `LBSS_model.pyg'.


(./_minted-LBSS_model/B026324C6904B2A9CB4B88D6D61C81D1BE2373DB250FE86ADA46AE03B
442A685.pygtex)
\openout4 = `LBSS_model.pyg'.


(./_minted-LBSS_model/8A45B08D3D356A7E6CA2D754E77E697DBE2373DB250FE86ADA46AE03B
442A685.pygtex [6])
\openout6 = `LBSS_model.pyg'.


(./_minted-LBSS_model/9F5393A12883534E7F4F719C0AD09375BE2373DB250FE86ADA46AE03B
442A685.pygtex)
\openout4 = `LBSS_model.pyg'.


(./_minted-LBSS_model/331F2AF426923ED786D45583C2AEA160BE2373DB250FE86ADA46AE03B
442A685.pygtex)
\openout6 = `LBSS_model.pyg'.


(./_minted-LBSS_model/587200DB4630202660870E25E46A5107BE2373DB250FE86ADA46AE03B
442A685.pygtex)
\openout4 = `LBSS_model.pyg'.


(./_minted-LBSS_model/0226BD842807633E68DE622C1D63B57BBE2373DB250FE86ADA46AE03B
442A685.pygtex)
\openout4 = `LBSS_model.pyg'.


(./_minted-LBSS_model/69A9CD7C791209B93F0E5144A2E9F6C8BE2373DB250FE86ADA46AE03B
442A685.pygtex
LaTeX Font Info:    Font shape `OT1/cmtt/bx/n' in size <12> not available
(Font)              Font shape `OT1/cmtt/m/n' tried instead on input line 2.
)
Underfull \hbox (badness 10000) in paragraph at lines 204--204
[]\OT1/cmss/m/n/10 add a
 []


Underfull \hbox (badness 10000) in paragraph at lines 204--204
\OT1/cmss/m/n/10 more
 []


Underfull \hbox (badness 10000) in paragraph at lines 204--204
\OT1/cmss/m/n/10 fledge
 []

\openout6 = `LBSS_model.pyg'.


(./_minted-LBSS_model/B0F24E3D11BFE3D31529D1B9F2745CFDBE2373DB250FE86ADA46AE03B
442A685.pygtex)
\openout4 = `LBSS_model.pyg'.


(./_minted-LBSS_model/7946A94880BB60EA565E952102AEFD3EBE2373DB250FE86ADA46AE03B
442A685.pygtex [7])
\openout4 = `LBSS_model.pyg'.


(./_minted-LBSS_model/9EA13EB65BF36C11E753C8E74819690CBE2373DB250FE86ADA46AE03B
442A685.pygtex)
\openout6 = `LBSS_model.pyg'.


(./_minted-LBSS_model/9BD85390578AF13FC7EA87041915C6AEBE2373DB250FE86ADA46AE03B
442A685.pygtex)
\openout6 = `LBSS_model.pyg'.


(./_minted-LBSS_model/DB23001A3603A8F9533BE3A80E9E87AEBE2373DB250FE86ADA46AE03B
442A685.pygtex)
Overfull \hbox (52.14948pt too wide) in paragraph at lines 221--222
[]\OT1/cmr/m/n/12 The ini-tial node can be given as a la-bel, or as a \OT1/cmr/
m/it/12 node iden-ti-fier []\OT1/cmr/m/n/12 ;
 []

\openout4 = `LBSS_model.pyg'.


(./_minted-LBSS_model/EA9855C45E03CF8F413AA59B8F54292ABE2373DB250FE86ADA46AE03B
442A685.pygtex)
\openout6 = `LBSS_model.pyg'.


(./_minted-LBSS_model/DB23001A3603A8F9533BE3A80E9E87AEBE2373DB250FE86ADA46AE03B
442A685.pygtex)
Overfull \hbox (0.93874pt too wide) in paragraph at lines 236--239
\OT1/cmr/m/n/12 The key-words [][]toAGC[]machine, [][]toAGC[]configand [][]toAG
C[]runare used to gen-
 []

\openout4 = `LBSS_model.pyg'.


(./_minted-LBSS_model/3523F0DAB3A1D4859E0D5CA1A1569B8EBE2373DB250FE86ADA46AE03B
442A685.pygtex)
\openout4 = `LBSS_model.pyg'.


(./_minted-LBSS_model/2B39276722C3854ECADD0A371E06C16FBE2373DB250FE86ADA46AE03B
442A685.pygtex) [8]
\openout4 = `LBSS_model.pyg'.


(./_minted-LBSS_model/27E57A20076F27D428D20913171EB429BE2373DB250FE86ADA46AE03B
442A685.pygtex)
Overfull \hbox (31.72234pt too wide) in paragraph at lines 260--260
[]\OT1/cmss/m/n/10 improve/change
 []


Underfull \hbox (badness 10000) in paragraph at lines 260--260
\OT1/cmss/m/n/10 com-
 []


Underfull \hbox (badness 10000) in paragraph at lines 260--260
\OT1/cmss/m/n/10 piler
 []


Underfull \hbox (badness 10000) in paragraph at lines 260--260
\OT1/cmss/m/n/10 be-hav-
 []


Underfull \hbox (badness 4660) in paragraph at lines 260--260
\OT1/cmss/m/n/10 ior and
 []

\openout6 = `LBSS_model.pyg'.


(./_minted-LBSS_model/D3CBA4B260BB03DF0E1B9BC1077BDB68BE2373DB250FE86ADA46AE03B
442A685.pygtex)
\openout6 = `LBSS_model.pyg'.


(./_minted-LBSS_model/DB23001A3603A8F9533BE3A80E9E87AEBE2373DB250FE86ADA46AE03B
442A685.pygtex)
\openout4 = `LBSS_model.pyg'.


(./_minted-LBSS_model/8318C4D3B201A3D3B2B0BD1494A2C3C8AAC89CFC8A56DCEF9F6A14DC9
D7E041D.pygtex)) (./AGC_technical.tex
Underfull \hbox (badness 10000) in paragraph at lines 3--3
[]\OT1/cmss/m/n/10 define
 []

<./Pictures/initialConf_singleCell_noAccu.pdf, id=47, 4723.15543pt x 759.68816p
t>
File: ./Pictures/initialConf_singleCell_noAccu.pdf Graphic file (type pdf)
<use ./Pictures/initialConf_singleCell_noAccu.pdf>
Package pdftex.def Info: ./Pictures/initialConf_singleCell_noAccu.pdf  used on 
input line 22.
(pdftex.def)             Requested size: 339.44714pt x 54.59976pt.
[9]
Underfull \hbox (badness 1077) in paragraph at lines 27--27
[]\OT1/cmss/m/n/10 CR and
 []


Underfull \hbox (badness 10000) in paragraph at lines 27--27
\OT1/cmss/m/n/10 i-ni-tion
 []

<./Pictures/initialConf_singleCell.pdf, id=53, 4723.15543pt x 677.17996pt>
File: ./Pictures/initialConf_singleCell.pdf Graphic file (type pdf)
<use ./Pictures/initialConf_singleCell.pdf>
Package pdftex.def Info: ./Pictures/initialConf_singleCell.pdf  used on input l
ine 41.
(pdftex.def)             Requested size: 380.815pt x 54.59976pt.
<./Pictures/initialConf_3cells_noAccu.pdf, id=54, 14169.47707pt x 759.68816pt>
File: ./Pictures/initialConf_3cells_noAccu.pdf Graphic file (type pdf)
<use ./Pictures/initialConf_3cells_noAccu.pdf>
Package pdftex.def Info: ./Pictures/initialConf_3cells_noAccu.pdf  used on inpu
t line 66.
(pdftex.def)             Requested size: 363.66275pt x 19.50119pt.
<./Pictures/initialConf_tape.pdf, id=55, 14169.47707pt x 677.17996pt>
File: ./Pictures/initialConf_tape.pdf Graphic file (type pdf)
<use ./Pictures/initialConf_tape.pdf>
Package pdftex.def Info: ./Pictures/initialConf_tape.pdf  used on input line 71
.
(pdftex.def)             Requested size: 367.12209pt x 17.54929pt.
[10 <./Pictures/initialConf_singleCell_noAccu.pdf> <./Pictures/initialConf_sing
leCell.pdf>]
Overfull \hbox (2.27783pt too wide) in paragraph at lines 95--95
[]\OT1/cmss/m/n/10 reference
 []


Underfull \hbox (badness 10000) in paragraph at lines 95--95
\OT1/cmss/m/n/10 sub-sec-
 []

<./Pictures/move_right.pdf, id=61, 9446.31085pt x 1890.4025pt>
File: ./Pictures/move_right.pdf Graphic file (type pdf)
<use ./Pictures/move_right.pdf>
Package pdftex.def Info: ./Pictures/move_right.pdf  used on input line 108.
(pdftex.def)             Requested size: 331.23122pt x 66.29929pt.
[11 <./Pictures/initialConf_3cells_noAccu.pdf> <./Pictures/initialConf_tape.pdf
> <./Pictures/move_right.pdf>]
<./Pictures/reset_cell.pdf, id=68, 4723.15543pt x 1690.09421pt>
File: ./Pictures/reset_cell.pdf Graphic file (type pdf)
<use ./Pictures/reset_cell.pdf>
Package pdftex.def Info: ./Pictures/reset_cell.pdf  used on input line 124.
(pdftex.def)             Requested size: 272.42255pt x 97.5pt.
\openout4 = `LBSS_model.pyg'.


(./_minted-LBSS_model/A369AC24761156F4264DD1E3FA45261BBE2373DB250FE86ADA46AE03B
442A685.pygtex)
\openout6 = `LBSS_model.pyg'.


(./_minted-LBSS_model/B7269FA2508548E4032C455818F1E321BE2373DB250FE86ADA46AE03B
442A685.pygtex)
\openout4 = `LBSS_model.pyg'.


(./_minted-LBSS_model/95B5A67FDED1AD88918BFA9FBCF22A02BE2373DB250FE86ADA46AE03B
442A685.pygtex)
\openout4 = `LBSS_model.pyg'.


(./_minted-LBSS_model/870ECF71580773C0BC8E632D6FD6A9C3BE2373DB250FE86ADA46AE03B
442A685.pygtex) [12 <./Pictures/reset_cell.pdf>]
<./Pictures/get_accu_times1.pdf, id=73, 4723.15543pt x 813.75018pt>
File: ./Pictures/get_accu_times1.pdf Graphic file (type pdf)
<use ./Pictures/get_accu_times1.pdf>
Package pdftex.def Info: ./Pictures/get_accu_times1.pdf  used on input line 156
.
(pdftex.def)             Requested size: 339.51921pt x 58.49762pt.
<./Pictures/get_accu_times7:2.pdf, id=74, 4723.15543pt x 1126.72948pt>
File: ./Pictures/get_accu_times7:2.pdf Graphic file (type pdf)
<use ./Pictures/get_accu_times7:2.pdf>
Package pdftex.def Info: ./Pictures/get_accu_times7:2.pdf  used on input line 1
61.
(pdftex.def)             Requested size: 343.26682pt x 81.90262pt.

Underfull \hbox (badness 10000) in paragraph at lines 168--168
[]\OT1/cmss/m/n/10 more
 []


Underfull \hbox (badness 10000) in paragraph at lines 168--168
\OT1/cmss/m/n/10 read-
 []

<./Pictures/add_accu45:4.pdf, id=75, 4723.15543pt x 657.2555pt>
File: ./Pictures/add_accu45:4.pdf Graphic file (type pdf)
<use ./Pictures/add_accu45:4.pdf>
Package pdftex.def Info: ./Pictures/add_accu45:4.pdf  used on input line 177.
(pdftex.def)             Requested size: 476.3791pt x 66.29929pt.

Overfull \hbox (86.3791pt too wide) in paragraph at lines 177--178
 [][] 
 []


LaTeX Warning: Reference `fig:add:sub:cell' on page 13 undefined on input line 
182.

<./Pictures/sub_cell.pdf, id=76, 4723.15543pt x 1581.59879pt>
File: ./Pictures/sub_cell.pdf Graphic file (type pdf)
<use ./Pictures/sub_cell.pdf>
Package pdftex.def Info: ./Pictures/sub_cell.pdf  used on input line 187.
(pdftex.def)             Requested size: 291.1606pt x 97.5pt.

Underfull \hbox (badness 10000) in paragraph at lines 196--196
[]\OT1/cmss/m/n/10 define
 []


Underfull \hbox (badness 10000) in paragraph at lines 196--196
\OT1/cmss/m/n/10 MS
 []

<./Pictures/branch_negative.pdf, id=77, 4723.15543pt x 544.58455pt>
File: ./Pictures/branch_negative.pdf Graphic file (type pdf)
<use ./Pictures/branch_negative.pdf>
Package pdftex.def Info: ./Pictures/branch_negative.pdf  used on input line 201
.
(pdftex.def)             Requested size: 473.49632pt x 54.59976pt.

Overfull \hbox (83.49632pt too wide) in paragraph at lines 201--202
 [][] 
 []

[13 <./Pictures/get_accu_times1.pdf> <./Pictures/get_accu_times7:2.pdf> <./Pict
ures/add_accu45:4.pdf>] [14 <./Pictures/sub_cell.pdf> <./Pictures/branch_negati
ve.pdf>]
\openout4 = `LBSS_model.pyg'.


(./_minted-LBSS_model/4C88E8D2788759512C1A93C5708699B8BE2373DB250FE86ADA46AE03B
442A685.pygtex)) [15] (./Unary_Binary_Tree.tex
Underfull \hbox (badness 10000) in paragraph at lines 7--7
[]\OT1/cmss/m/n/10 txt for
 []


Underfull \hbox (badness 10000) in paragraph at lines 7--7
\OT1/cmss/m/n/10 il-lus-tra-
 []

<./Pictures/ubt_upright_to_Delay_.pdf, id=94, 618.852pt x 187.79158pt>
File: ./Pictures/ubt_upright_to_Delay_.pdf Graphic file (type pdf)
<use ./Pictures/ubt_upright_to_Delay_.pdf>
Package pdftex.def Info: ./Pictures/ubt_upright_to_Delay_.pdf  used on input li
ne 14.
(pdftex.def)             Requested size: 179.92519pt x 54.59976pt.
<./Pictures/ubt_right_to_Delay_.pdf, id=95, 682.86116pt x 187.79158pt>
File: ./Pictures/ubt_right_to_Delay_.pdf Graphic file (type pdf)
<use ./Pictures/ubt_right_to_Delay_.pdf>
Package pdftex.def Info: ./Pictures/ubt_right_to_Delay_.pdf  used on input line
 23.
(pdftex.def)             Requested size: 198.53522pt x 54.59976pt.

Underfull \hbox (badness 10000) in paragraph at lines 30--30
[]\OT1/cmss/m/n/10 txt for
 []


Underfull \hbox (badness 10000) in paragraph at lines 30--30
\OT1/cmss/m/n/10 il-lus-tra-
 []

<./Pictures/ubt_right_to_Split_.pdf, id=96, 941.07585pt x 242.55618pt>
File: ./Pictures/ubt_right_to_Split_.pdf Graphic file (type pdf)
<use ./Pictures/ubt_right_to_Split_.pdf>
Package pdftex.def Info: ./Pictures/ubt_right_to_Split_.pdf  used on input line
 37.
(pdftex.def)             Requested size: 211.83345pt x 54.59976pt.
<./Pictures/ubt_upleft_to_Split_.pdf, id=97, 941.07585pt x 242.55618pt>
File: ./Pictures/ubt_upleft_to_Split_.pdf Graphic file (type pdf)
<use ./Pictures/ubt_upleft_to_Split_.pdf>
Package pdftex.def Info: ./Pictures/ubt_upleft_to_Split_.pdf  used on input lin
e 46.
(pdftex.def)             Requested size: 211.83345pt x 54.59976pt.
[16 <./Pictures/ubt_upright_to_Delay_.pdf> <./Pictures/ubt_right_to_Delay_.pdf>
]
\openout4 = `LBSS_model.pyg'.


(./_minted-LBSS_model/47F5CE8EACA9CB5E4BF12A4127DD70F3BE2373DB250FE86ADA46AE03B
442A685.pygtex)
\openout4 = `LBSS_model.pyg'.


(./_minted-LBSS_model/72B9A89EA5A33D29FEC2399EEC684481BE2373DB250FE86ADA46AE03B
442A685.pygtex)
\openout4 = `LBSS_model.pyg'.


(./_minted-LBSS_model/B29186C3B0E917CA92104BE7473ED40ABE2373DB250FE86ADA46AE03B
442A685.pygtex)
\openout4 = `LBSS_model.pyg'.


(./_minted-LBSS_model/7BC816557474C9974967C301FD05E2D3BE2373DB250FE86ADA46AE03B
442A685.pygtex)
Overfull \hbox (0.2265pt too wide) in paragraph at lines 90--91
\OT1/cmr/m/n/12 This ma-chine will re-cur-sively draw a tree where left-ward an
d up-ward branches
 []


Underfull \hbox (badness 2653) in paragraph at lines 93--93
[]\OT1/cmss/m/n/10 fluff up
 []


Underfull \hbox (badness 10000) in paragraph at lines 93--93
\OT1/cmss/m/n/10 (mscr)
 []

[17 <./Pictures/ubt_right_to_Split_.pdf> <./Pictures/ubt_upleft_to_Split_.pdf>]
<./Pictures/ubt_agc.pdf, id=108, 2371.0582pt x 2630.76846pt>
File: ./Pictures/ubt_agc.pdf Graphic file (type pdf)
<use ./Pictures/ubt_agc.pdf>
Package pdftex.def Info: ./Pictures/ubt_agc.pdf  used on input line 107.
(pdftex.def)             Requested size: 351.48276pt x 390.0pt.
[18 <./Pictures/ubt_agc.pdf>]
Overfull \hbox (2.61119pt too wide) in paragraph at lines 122--122
[]\OT1/cmss/m/n/10 rerouting 
 []


Underfull \hbox (badness 10000) in paragraph at lines 123--123
[]\OT1/cmss/m/n/10 lbss
 []


Underfull \hbox (badness 10000) in paragraph at lines 123--123
\OT1/cmss/m/n/10 in-crus-
 []


LaTeX Warning: Marginpar on page 19 moved.

) (./Universality.tex) (./LBSS_model.bbl) [19] (./LBSS_model.aux)

LaTeX Warning: There were undefined references.

runsystem(rm LBSS_model.pyg)...executed.

 ) 
Here is how much of TeX's memory you used:
 17582 strings out of 494894
 354924 string characters out of 6179473
 440854 words of memory out of 5000000
 20338 multiletter control sequences out of 15000+600000
 17537 words of font info for 67 fonts, out of 8000000 for 9000
 14 hyphenation exceptions out of 8191
 55i,11n,54p,825b,551s stack positions out of 5000i,500n,10000p,200000b,80000s
</usr/share/texlive/texmf-dist/fonts/type1/public/amsfonts/cm/cmbx10.pfb></us
r/share/texlive/texmf-dist/fonts/type1/public/amsfonts/cm/cmbx12.pfb></usr/shar
e/texlive/texmf-dist/fonts/type1/public/amsfonts/cm/cmcsc10.pfb></usr/share/tex
live/texmf-dist/fonts/type1/public/amsfonts/cm/cmmi10.pfb></usr/share/texlive/t
exmf-dist/fonts/type1/public/amsfonts/cm/cmmi12.pfb></usr/share/texlive/texmf-d
ist/fonts/type1/public/amsfonts/cm/cmmi6.pfb></usr/share/texlive/texmf-dist/fon
ts/type1/public/amsfonts/cm/cmmi8.pfb></usr/share/texlive/texmf-dist/fonts/type
1/public/amsfonts/cm/cmr10.pfb></usr/share/texlive/texmf-dist/fonts/type1/publi
c/amsfonts/cm/cmr12.pfb></usr/share/texlive/texmf-dist/fonts/type1/public/amsfo
nts/cm/cmr6.pfb></usr/share/texlive/texmf-dist/fonts/type1/public/amsfonts/cm/c
mr8.pfb></usr/share/texlive/texmf-dist/fonts/type1/public/amsfonts/cm/cmss10.pf
b></usr/share/texlive/texmf-dist/fonts/type1/public/amsfonts/cm/cmss12.pfb></us
r/share/texlive/texmf-dist/fonts/type1/public/amsfonts/cm/cmsy10.pfb></usr/shar
e/texlive/texmf-dist/fonts/type1/public/amsfonts/cm/cmsy6.pfb></usr/share/texli
ve/texmf-dist/fonts/type1/public/amsfonts/cm/cmsy8.pfb></usr/share/texlive/texm
f-dist/fonts/type1/public/amsfonts/cm/cmti10.pfb></usr/share/texlive/texmf-dist
/fonts/type1/public/amsfonts/cm/cmti12.pfb></usr/share/texlive/texmf-dist/fonts
/type1/public/amsfonts/cm/cmtt12.pfb></usr/share/texlive/texmf-dist/fonts/type1
/public/amsfonts/symbols/msbm10.pfb>
Output written on LBSS_model.pdf (19 pages, 282318 bytes).
PDF statistics:
 182 PDF objects out of 1000 (max. 8388607)
 123 compressed objects within 2 object streams
 0 named destinations out of 1000 (max. 500000)
 93 words of extra memory for PDF output out of 10000 (max. 10000000)

